<?xml version="1.0" encoding="UTF-8"?>
<!-- Generated by org.testng.reporters.JUnitXMLReporter -->
<testsuite ignored="0" hostname="LMI-2MQ42108VD" failures="1" tests="3" name="Default test" time="14.64" errors="0" timestamp="2024-12-02T20:34:24 EST">
  <testcase classname="io.cucumber.testng.AbstractTestNGCucumberTests" name="runScenario" time="11.144"/>
  <testcase classname="io.cucumber.testng.AbstractTestNGCucumberTests" name="runScenario" time="11.865">
    <failure type="java.lang.AssertionError" message="Product names do not match between Offers Page and Landing Page. expected [Beetroot] but found [No data]">
      <![CDATA[java.lang.AssertionError: Product names do not match between Offers Page and Landing Page. expected [Beetroot] but found [No data]
at org.testng.Assert.fail(Assert.java:111)
at org.testng.Assert.failNotEquals(Assert.java:1578)
at org.testng.Assert.assertEqualsImpl(Assert.java:150)
at org.testng.Assert.assertEquals(Assert.java:132)
at org.testng.Assert.assertEquals(Assert.java:656)
at stepDefinition.OfferPageStepDefinition.validate_product_name_in_offers_page_matches_with_landing_page(OfferPageStepDefinition.java:83)
at ✽.validate product name in offers page matches with Landing Page(file:///C:/Users/frezer.kidane/eclipse-workspace/CucumberFreamwork/src/test/resources/feature/searchProduct.feature:8)
]]>
    </failure>
  </testcase> <!-- runScenario -->
  <testcase classname="io.cucumber.testng.AbstractTestNGCucumberTests" name="runScenario" time="13.064"/>
</testsuite> <!-- Default test -->
