<?xml version="1.0" encoding="UTF-8"?>
<testng-results ignored="0" total="1" passed="1" failed="0" skipped="0">
  <reporter-output>
  </reporter-output>
  <suite started-at="2024-12-02T22:14:21 EST" name="Surefire suite" finished-at="2024-12-02T22:14:37 EST" duration-ms="16289">
    <groups>
      <group name="cucumber">
        <method signature="AbstractTestNGCucumberTests.runScenario(io.cucumber.testng.PickleWrapper,io.cucumber.testng.FeatureWrapper)[pri:0, instance:Runner.FailedTestNGTestRunner@4b5d6a01]" name="runScenario" class="io.cucumber.testng.AbstractTestNGCucumberTests"/>
        <method signature="AbstractTestNGCucumberTests.runScenario(io.cucumber.testng.PickleWrapper,io.cucumber.testng.FeatureWrapper)[pri:0, instance:Runner.TestNGTestRunner@63021689]" name="runScenario" class="io.cucumber.testng.AbstractTestNGCucumberTests"/>
      </group> <!-- cucumber -->
    </groups>
    <test started-at="2024-12-02T22:14:21 EST" name="Surefire test" finished-at="2024-12-02T22:14:37 EST" duration-ms="16289">
      <class name="Runner.TestNGTestRunner">
        <test-method is-config="true" signature="setUpClass(org.testng.ITestContext)[pri:0, instance:Runner.TestNGTestRunner@63021689]" started-at="2024-12-02T22:14:22 EST" name="setUpClass" finished-at="2024-12-02T22:14:22 EST" duration-ms="30" status="PASS">
          <params>
            <param index="0">
              <value>
                <![CDATA[org.testng.TestRunner@7cab1508]]>
              </value>
            </param>
          </params>
          <reporter-output>
          </reporter-output>
        </test-method> <!-- setUpClass -->
        <test-method signature="runScenario(io.cucumber.testng.PickleWrapper,io.cucumber.testng.FeatureWrapper)[pri:0, instance:Runner.TestNGTestRunner@63021689]" started-at="2024-12-02T22:14:22 EST" name="runScenario" description="Runs Cucumber Scenarios" data-provider="scenarios" finished-at="2024-12-02T22:14:36 EST" duration-ms="14312" status="PASS">
          <params>
            <param index="0">
              <value>
                <![CDATA["Search Experiance for product search in both home and offers page"]]>
              </value>
            </param>
            <param index="1">
              <value>
                <![CDATA["place the order for Products"]]>
              </value>
            </param>
          </params>
          <reporter-output>
          </reporter-output>
        </test-method> <!-- runScenario -->
        <test-method is-config="true" signature="tearDownClass()[pri:0, instance:Runner.TestNGTestRunner@63021689]" started-at="2024-12-02T22:14:36 EST" name="tearDownClass" finished-at="2024-12-02T22:14:37 EST" duration-ms="470" status="PASS">
          <reporter-output>
          </reporter-output>
        </test-method> <!-- tearDownClass -->
      </class> <!-- Runner.TestNGTestRunner -->
      <class name="Runner.FailedTestNGTestRunner">
        <test-method is-config="true" signature="setUpClass(org.testng.ITestContext)[pri:0, instance:Runner.FailedTestNGTestRunner@4b5d6a01]" started-at="2024-12-02T22:14:21 EST" name="setUpClass" finished-at="2024-12-02T22:14:22 EST" duration-ms="1029" status="PASS">
          <params>
            <param index="0">
              <value>
                <![CDATA[org.testng.TestRunner@7cab1508]]>
              </value>
            </param>
          </params>
          <reporter-output>
          </reporter-output>
        </test-method> <!-- setUpClass -->
        <test-method is-config="true" signature="tearDownClass()[pri:0, instance:Runner.FailedTestNGTestRunner@4b5d6a01]" started-at="2024-12-02T22:14:22 EST" name="tearDownClass" finished-at="2024-12-02T22:14:22 EST" duration-ms="374" status="PASS">
          <reporter-output>
          </reporter-output>
        </test-method> <!-- tearDownClass -->
      </class> <!-- Runner.FailedTestNGTestRunner -->
    </test> <!-- Surefire test -->
  </suite> <!-- Surefire suite -->
</testng-results>
