<?xml version="1.0" encoding="UTF-8"?>
<testng-results ignored="0" total="7" passed="7" failed="0" skipped="0">
  <reporter-output>
  </reporter-output>
  <suite started-at="2024-12-04T17:40:18 EST" name="Default suite" finished-at="2024-12-04T17:41:22 EST" duration-ms="64418">
    <groups>
      <group name="cucumber">
        <method signature="AbstractTestNGCucumberTests.runScenario(io.cucumber.testng.PickleWrapper,io.cucumber.testng.FeatureWrapper)[pri:0, instance:Runner.TestNGTestRunner@2925bf5b]" name="runScenario" class="io.cucumber.testng.AbstractTestNGCucumberTests"/>
      </group> <!-- cucumber -->
    </groups>
    <test started-at="2024-12-04T17:40:18 EST" name="Default test" finished-at="2024-12-04T17:41:22 EST" duration-ms="64418">
      <class name="Runner.TestNGTestRunner">
        <test-method is-config="true" signature="setUpClass(org.testng.ITestContext)[pri:0, instance:Runner.TestNGTestRunner@2925bf5b]" started-at="2024-12-04T17:40:18 EST" name="setUpClass" finished-at="2024-12-04T17:40:19 EST" duration-ms="945" status="PASS">
          <params>
            <param index="0">
              <value>
                <![CDATA[org.testng.TestRunner@68ea253b]]>
              </value>
            </param>
          </params>
          <reporter-output>
          </reporter-output>
        </test-method> <!-- setUpClass -->
        <test-method signature="runScenario(io.cucumber.testng.PickleWrapper,io.cucumber.testng.FeatureWrapper)[pri:0, instance:Runner.TestNGTestRunner@2925bf5b]" started-at="2024-12-04T17:40:19 EST" name="runScenario" description="Runs Cucumber Scenarios" data-provider="scenarios" finished-at="2024-12-04T17:40:27 EST" duration-ms="8078" status="PASS">
          <params>
            <param index="0">
              <value>
                <![CDATA["Verify the presence of security information"]]>
              </value>
            </param>
            <param index="1">
              <value>
                <![CDATA["Vendor Support Center Homepage"]]>
              </value>
            </param>
          </params>
          <reporter-output>
          </reporter-output>
        </test-method> <!-- runScenario -->
        <test-method signature="runScenario(io.cucumber.testng.PickleWrapper,io.cucumber.testng.FeatureWrapper)[pri:0, instance:Runner.TestNGTestRunner@2925bf5b]" started-at="2024-12-04T17:40:27 EST" name="runScenario" description="Runs Cucumber Scenarios" data-provider="scenarios" finished-at="2024-12-04T17:40:37 EST" duration-ms="9813" status="PASS">
          <params>
            <param index="0">
              <value>
                <![CDATA["Validate navigation for each dropdown option in "I Want a Contract""]]>
              </value>
            </param>
            <param index="1">
              <value>
                <![CDATA["Vendor Support Center Homepage"]]>
              </value>
            </param>
          </params>
          <reporter-output>
          </reporter-output>
        </test-method> <!-- runScenario -->
        <test-method signature="runScenario(io.cucumber.testng.PickleWrapper,io.cucumber.testng.FeatureWrapper)[pri:0, instance:Runner.TestNGTestRunner@2925bf5b]" started-at="2024-12-04T17:40:37 EST" name="runScenario" description="Runs Cucumber Scenarios" data-provider="scenarios" finished-at="2024-12-04T17:40:47 EST" duration-ms="9988" status="PASS">
          <params>
            <param index="0">
              <value>
                <![CDATA["Validate navigation for each dropdown option in "I Want a Contract""]]>
              </value>
            </param>
            <param index="1">
              <value>
                <![CDATA["Vendor Support Center Homepage"]]>
              </value>
            </param>
          </params>
          <reporter-output>
          </reporter-output>
        </test-method> <!-- runScenario -->
        <test-method signature="runScenario(io.cucumber.testng.PickleWrapper,io.cucumber.testng.FeatureWrapper)[pri:0, instance:Runner.TestNGTestRunner@2925bf5b]" started-at="2024-12-04T17:40:47 EST" name="runScenario" description="Runs Cucumber Scenarios" data-provider="scenarios" finished-at="2024-12-04T17:40:56 EST" duration-ms="9768" status="PASS">
          <params>
            <param index="0">
              <value>
                <![CDATA["Validate navigation for each dropdown option in "I Want a Contract""]]>
              </value>
            </param>
            <param index="1">
              <value>
                <![CDATA["Vendor Support Center Homepage"]]>
              </value>
            </param>
          </params>
          <reporter-output>
          </reporter-output>
        </test-method> <!-- runScenario -->
        <test-method signature="runScenario(io.cucumber.testng.PickleWrapper,io.cucumber.testng.FeatureWrapper)[pri:0, instance:Runner.TestNGTestRunner@2925bf5b]" started-at="2024-12-04T17:40:56 EST" name="runScenario" description="Runs Cucumber Scenarios" data-provider="scenarios" finished-at="2024-12-04T17:41:04 EST" duration-ms="7972" status="PASS">
          <params>
            <param index="0">
              <value>
                <![CDATA["Validate search functionality"]]>
              </value>
            </param>
            <param index="1">
              <value>
                <![CDATA["Vendor Support Center Homepage"]]>
              </value>
            </param>
          </params>
          <reporter-output>
          </reporter-output>
        </test-method> <!-- runScenario -->
        <test-method signature="runScenario(io.cucumber.testng.PickleWrapper,io.cucumber.testng.FeatureWrapper)[pri:0, instance:Runner.TestNGTestRunner@2925bf5b]" started-at="2024-12-04T17:41:04 EST" name="runScenario" description="Runs Cucumber Scenarios" data-provider="scenarios" finished-at="2024-12-04T17:41:11 EST" duration-ms="7029" status="PASS">
          <params>
            <param index="0">
              <value>
                <![CDATA["Validate search functionality"]]>
              </value>
            </param>
            <param index="1">
              <value>
                <![CDATA["Vendor Support Center Homepage"]]>
              </value>
            </param>
          </params>
          <reporter-output>
          </reporter-output>
        </test-method> <!-- runScenario -->
        <test-method signature="runScenario(io.cucumber.testng.PickleWrapper,io.cucumber.testng.FeatureWrapper)[pri:0, instance:Runner.TestNGTestRunner@2925bf5b]" started-at="2024-12-04T17:41:11 EST" name="runScenario" description="Runs Cucumber Scenarios" data-provider="scenarios" finished-at="2024-12-04T17:41:22 EST" duration-ms="10040" status="PASS">
          <params>
            <param index="0">
              <value>
                <![CDATA["Check Vendor File Status"]]>
              </value>
            </param>
            <param index="1">
              <value>
                <![CDATA["Vendor Support Center Homepage"]]>
              </value>
            </param>
          </params>
          <reporter-output>
          </reporter-output>
        </test-method> <!-- runScenario -->
        <test-method is-config="true" signature="tearDownClass()[pri:0, instance:Runner.TestNGTestRunner@2925bf5b]" started-at="2024-12-04T17:41:22 EST" name="tearDownClass" finished-at="2024-12-04T17:41:22 EST" duration-ms="722" status="PASS">
          <reporter-output>
          </reporter-output>
        </test-method> <!-- tearDownClass -->
      </class> <!-- Runner.TestNGTestRunner -->
    </test> <!-- Default test -->
  </suite> <!-- Default suite -->
</testng-results>
