<?xml version="1.0" encoding="UTF-8"?>
<!-- Generated by org.testng.reporters.JUnitReportReporter -->
<testsuite hostname="LMI-2MQ42108VD" failures="1" tests="1" name="Runner.FailedTestNGTestRunner" time="10.945" errors="0" timestamp="2024-12-02T20:46:07 EST" skipped="0">
  <testcase classname="Runner.FailedTestNGTestRunner" name="runScenario" time="10.945">
    <failure message="Product names do not match between Offers Page and Landing Page. expected [Beetroot] but found [No data]" type="java.lang.AssertionError">
      <![CDATA[java.lang.AssertionError: Product names do not match between Offers Page and Landing Page. expected [Beetroot] but found [No data]
at org.testng.Assert.fail(Assert.java:111)
at org.testng.Assert.failNotEquals(Assert.java:1578)
at org.testng.Assert.assertEqualsImpl(Assert.java:150)
at org.testng.Assert.assertEquals(Assert.java:132)
at org.testng.Assert.assertEquals(Assert.java:656)
at stepDefinition.OfferPageStepDefinition.validate_product_name_in_offers_page_matches_with_landing_page(OfferPageStepDefinition.java:83)
at ✽.validate product name in offers page matches with Landing Page(file:///C:/Users/frezer.kidane/eclipse-workspace/CucumberFreamwork/src/test/resources/feature/searchProduct.feature:8)
]]>
    </failure>
  </testcase> <!-- runScenario -->
</testsuite> <!-- Runner.FailedTestNGTestRunner -->
